2021-02-26 05:08:53,523 ERROR: Exception on /auth/reset_password_request [POST] [in c:\users\json\appdata\local\programs\python\python36\lib\site-packages\flask\app.py:1891]
Traceback (most recent call last):
  File "c:\users\json\appdata\local\programs\python\python36\lib\site-packages\flask\app.py", line 2446, in wsgi_app
    response = self.full_dispatch_request()
  File "c:\users\json\appdata\local\programs\python\python36\lib\site-packages\flask\app.py", line 1951, in full_dispatch_request
    rv = self.handle_user_exception(e)
  File "c:\users\json\appdata\local\programs\python\python36\lib\site-packages\flask\app.py", line 1820, in handle_user_exception
    reraise(exc_type, exc_value, tb)
  File "c:\users\json\appdata\local\programs\python\python36\lib\site-packages\flask\_compat.py", line 39, in reraise
    raise value
  File "c:\users\json\appdata\local\programs\python\python36\lib\site-packages\flask\app.py", line 1949, in full_dispatch_request
    rv = self.dispatch_request()
  File "c:\users\json\appdata\local\programs\python\python36\lib\site-packages\flask\app.py", line 1935, in dispatch_request
    return self.view_functions[rule.endpoint](**req.view_args)
  File "C:\Users\jSON\Python workbook\N.A.N.C.Y\NANCY r_3\nancy\app\auth\routes.py", line 58, in reset_password_request
    send_password_reset_email(user)
  File "C:\Users\jSON\Python workbook\N.A.N.C.Y\NANCY r_3\nancy\app\auth\email.py", line 8, in send_password_reset_email
    sender=current_app.config['ADMINS'][0],
NameError: name 'current_app' is not defined
2021-02-26 05:09:56,592 INFO: NANCY startup [in C:\Users\jSON\Python workbook\N.A.N.C.Y\NANCY r_3\nancy\app\__init__.py:73]
2021-02-26 05:10:01,444 ERROR: Exception on /auth/reset_password_request [POST] [in c:\users\json\appdata\local\programs\python\python36\lib\site-packages\flask\app.py:1891]
Traceback (most recent call last):
  File "c:\users\json\appdata\local\programs\python\python36\lib\site-packages\flask\app.py", line 2446, in wsgi_app
    response = self.full_dispatch_request()
  File "c:\users\json\appdata\local\programs\python\python36\lib\site-packages\flask\app.py", line 1951, in full_dispatch_request
    rv = self.handle_user_exception(e)
  File "c:\users\json\appdata\local\programs\python\python36\lib\site-packages\flask\app.py", line 1820, in handle_user_exception
    reraise(exc_type, exc_value, tb)
  File "c:\users\json\appdata\local\programs\python\python36\lib\site-packages\flask\_compat.py", line 39, in reraise
    raise value
  File "c:\users\json\appdata\local\programs\python\python36\lib\site-packages\flask\app.py", line 1949, in full_dispatch_request
    rv = self.dispatch_request()
  File "c:\users\json\appdata\local\programs\python\python36\lib\site-packages\flask\app.py", line 1935, in dispatch_request
    return self.view_functions[rule.endpoint](**req.view_args)
  File "C:\Users\jSON\Python workbook\N.A.N.C.Y\NANCY r_3\nancy\app\auth\routes.py", line 58, in reset_password_request
    send_password_reset_email(user)
  File "C:\Users\jSON\Python workbook\N.A.N.C.Y\NANCY r_3\nancy\app\auth\email.py", line 13, in send_password_reset_email
    user=user, token=token))
  File "c:\users\json\appdata\local\programs\python\python36\lib\site-packages\flask\templating.py", line 140, in render_template
    ctx.app,
  File "c:\users\json\appdata\local\programs\python\python36\lib\site-packages\flask\templating.py", line 120, in _render
    rv = template.render(context)
  File "C:\Users\jSON\AppData\Roaming\Python\Python36\site-packages\jinja2\asyncsupport.py", line 76, in render
    return original_render(self, *args, **kwargs)
  File "C:\Users\jSON\AppData\Roaming\Python\Python36\site-packages\jinja2\environment.py", line 1008, in render
    return self.environment.handle_exception(exc_info, True)
  File "C:\Users\jSON\AppData\Roaming\Python\Python36\site-packages\jinja2\environment.py", line 780, in handle_exception
    reraise(exc_type, exc_value, tb)
  File "C:\Users\jSON\AppData\Roaming\Python\Python36\site-packages\jinja2\_compat.py", line 37, in reraise
    raise value.with_traceback(tb)
  File "C:\Users\jSON\Python workbook\N.A.N.C.Y\NANCY r_3\nancy\app\templates\email\reset_password.html", line 9, in top-level template code
    <p>{{ url_for('reset_password', token=token, _external=True) }}</p>
  File "c:\users\json\appdata\local\programs\python\python36\lib\site-packages\flask\helpers.py", line 370, in url_for
    return appctx.app.handle_url_build_error(error, endpoint, values)
  File "c:\users\json\appdata\local\programs\python\python36\lib\site-packages\flask\app.py", line 2215, in handle_url_build_error
    reraise(exc_type, exc_value, tb)
  File "c:\users\json\appdata\local\programs\python\python36\lib\site-packages\flask\_compat.py", line 39, in reraise
    raise value
  File "c:\users\json\appdata\local\programs\python\python36\lib\site-packages\flask\helpers.py", line 358, in url_for
    endpoint, values, method=method, force_external=external
  File "c:\users\json\appdata\local\programs\python\python36\lib\site-packages\werkzeug\routing.py", line 2020, in build
    raise BuildError(endpoint, values, method, self)
werkzeug.routing.BuildError: Could not build url for endpoint 'reset_password' with values ['token']. Did you mean 'auth.reset_password' instead?
2021-02-26 05:12:07,120 INFO: NANCY startup [in C:\Users\jSON\Python workbook\N.A.N.C.Y\NANCY r_3\nancy\app\__init__.py:73]
2021-02-26 05:21:01,950 INFO: NANCY startup [in C:\Users\jSON\Python workbook\N.A.N.C.Y\NANCY r_3\nancy\app\__init__.py:73]
2021-02-26 05:35:59,696 INFO: NANCY startup [in C:\Users\jSON\Python workbook\N.A.N.C.Y\NANCY r_3\nancy\app\__init__.py:76]
2021-02-26 05:38:21,267 INFO: NANCY startup [in C:\Users\jSON\Python workbook\N.A.N.C.Y\NANCY r_3\nancy\app\__init__.py:76]
